<?xml version="1.0" encoding="UTF-8"?>
<testsuite name="CorrecterTest" tests="1" skipped="0" failures="0" errors="0" timestamp="2022-06-14T00:20:03" hostname="MINT-LAPTOP" time="0.293">
  <properties/>
  <testcase name="start" classname="CorrecterTest" time="0.293"/>
  <system-out><![CDATA[?[1;31m
Start test 1?[0m
Write a mode: > encode
send.txt:
text view: Eat more of these french buns!
hex view: 45 61 74 20 6d 6f 72 65 20 6f 66 20 74 68 65 73 65 20 66 72 65 6e 63 68 20 62 75 6e 73 21 
bin view: 01000101 01100001 01110100 00100000 01101101 01101111 01110010 01100101 00100000 01101111 01100110 00100000 01110100 01101000 01100101 01110011 01100101 00100000 01100110 01110010 01100101 01101110 01100011 01101000 00100000 01100010 01110101 01101110 01110011 00100001 

encoded.txt
expand: 001100.. 000011.. 001100.. 111100.. 000000.. 110011.. 111100.. 110000.. 000011.. 000000.. 000000.. 111100.. 111100.. 110011.. 110011.. 111111.. 001111.. 110000.. 110000.. 111100.. 001100.. 110000.. 110000.. 000000.. 001111.. 001111.. 111100.. 111100.. 001111.. 000000.. 110000.. 000000.. 001111.. 110011.. 000000.. 111100.. 110000.. 000011.. 110000.. 110011.. 001111.. 110000.. 111100.. 111100.. 001100.. 110000.. 110000.. 000000.. 001111.. 000011.. 110000.. 111111.. 000011.. 000011.. 110000.. 110011.. 001111.. 001111.. 110000.. 111100.. 000011.. 110011.. 110011.. 000000.. 000011.. 000000.. 000000.. 111100.. 000011.. 000011.. 111100.. 110011.. 001111.. 001111.. 110000.. 111111.. 000011.. 110000.. 110000.. 000011.. 
parity: 00110011 00001111 00110011 11110000 00000000 11001100 11110000 11000011 00001111 00000000 00000000 11110000 11110000 11001100 11001100 11111111 00111100 11000011 11000011 11110000 00110011 11000011 11000011 00000000 00111100 00111100 11110000 11110000 00111100 00000000 11000011 00000000 00111100 11001100 00000000 11110000 11000011 00001111 11000011 11001100 00111100 11000011 11110000 11110000 00110011 11000011 11000011 00000000 00111100 00001111 11000011 11111111 00001111 00001111 11000011 11001100 00111100 00111100 11000011 11110000 00001111 11001100 11001100 00000000 00001111 00000000 00000000 11110000 00001111 00001111 11110000 11001100 00111100 00111100 11000011 11111111 00001111 11000011 11000011 00001111 
hex view: 33 0F 33 F0 00 CC F0 C3 0F 00 00 F0 F0 CC CC FF 3C C3 C3 F0 33 C3 C3 00 3C 3C F0 F0 3C 00 C3 00 3C CC 00 F0 C3 0F C3 CC 3C C3 F0 F0 33 C3 C3 00 3C 0F C3 FF 0F 0F C3 CC 3C 3C C3 F0 0F CC CC 00 0F 00 00 F0 0F 0F F0 CC 3C 3C C3 FF 0F C3 C3 0F 
?[1;31m
Start test 2?[0m
Write a mode: > send
?[1;31m
Start test 3?[0m
Write a mode: > decode
?[1;31m
Start test 4?[0m
Write a mode: > encode
send.txt:
text view: $ome rand0m messAge
hex view: 24 6f 6d 65 20 72 61 6e 64 30 6d 20 6d 65 73 73 41 67 65 
bin view: 00100100 01101111 01101101 01100101 00100000 01110010 01100001 01101110 01100100 00110000 01101101 00100000 01101101 01100101 01110011 01110011 01000001 01100111 01100101 

encoded.txt
expand: 000011.. 000011.. 000000.. 111100.. 111111.. 110011.. 110011.. 110011.. 001111.. 000011.. 001100.. 001100.. 000000.. 000011.. 111100.. 001100.. 001111.. 000000.. 001100.. 111100.. 111111.. 000011.. 110000.. 110000.. 000011.. 110000.. 000000.. 111100.. 111100.. 110000.. 110000.. 000000.. 001111.. 001111.. 001100.. 111100.. 001100.. 110011.. 111100.. 001111.. 001111.. 110000.. 111100.. 110000.. 000000.. 110011.. 110000.. 111111.. 001111.. 000011.. ..
parity: 00001111 00001111 00000000 11110000 11111111 11001100 11001100 11001100 00111100 00001111 00110011 00110011 00000000 00001111 11110000 00110011 00111100 00000000 00110011 11110000 11111111 00001111 11000011 11000011 00001111 11000011 00000000 11110000 11110000 11000011 11000011 00000000 00111100 00111100 00110011 11110000 00110011 11001100 11110000 00111100 00111100 11000011 11110000 11000011 00000000 11001100 11000011 11111111 00111100 00001111 00110011
hex view: 0F 0F 00 F0 FF CC CC CC 3C 0F 33 33 00 0F F0 33 3C 00 33 F0 FF 0F C3 C3 0F C3 00 F0 F0 C3 C3 00 3C 3C 33 F0 33 CC F0 3C 3C C3 F0 C3 00 CC C3 FF 3C 0F 0f 
?[1;31m
Start test 5?[0m
Write a mode: > send
?[1;31m
Start test 6?[0m
Write a mode: > decode
?[1;31m
Start test 7?[0m
Write a mode: > encode
send.txt:
text view: better call Saul 555-00-73!
hex view: 62 65 74 74 65 72 20 63 61 6c 6c 20 53 61 75 6c 20 35 35 35 2d 30 30 2d 37 33 21 
bin view: 01100010 01100101 01110100 01110100 01100101 01110010 00100000 01100011 01100001 01101100 01101100 00100000 01010011 01100001 01110101 01101100 00100000 00110101 00110101 00110101 00101101 00110000 00110000 00101101 00110111 00110011 00100001 

encoded.txt
expand: 001111.. 000000.. 110000.. 111100.. 001100.. 110011.. 111100.. 110000.. 001111.. 110011.. 000000.. 111100.. 001100.. 110011.. 111100.. 001100.. 000011.. 000000.. 000000.. 111100.. 000011.. 110011.. 110000.. 000011.. 001111.. 001111.. 000000.. 111100.. 111100.. 000000.. 110000.. 000000.. 001100.. 110000.. 111100.. 111100.. 000000.. 110011.. 111100.. 110011.. 001111.. 001111.. 000000.. 001100.. 000000.. 000000.. 111100.. 110011.. 000011.. 110011.. 001100.. 001111.. 001100.. 110000.. 110011.. 110011.. 000011.. 110000.. 000000.. 001111.. 000000.. 000000.. 110011.. 110011.. 000011.. 110011.. 111100.. 001111.. 000011.. 110000.. 110000.. 000011.. 
parity: 00111100 00000000 11000011 11110000 00110011 11001100 11110000 11000011 00111100 11001100 00000000 11110000 00110011 11001100 11110000 00110011 00001111 00000000 00000000 11110000 00001111 11001100 11000011 00001111 00111100 00111100 00000000 11110000 11110000 00000000 11000011 00000000 00110011 11000011 11110000 11110000 00000000 11001100 11110000 11001100 00111100 00111100 00000000 00110011 00000000 00000000 11110000 11001100 00001111 11001100 00110011 00111100 00110011 11000011 11001100 11001100 00001111 11000011 00000000 00111100 00000000 00000000 11001100 11001100 00001111 11001100 11110000 00111100 00001111 11000011 11000011 00001111 
hex view: 3C 00 C3 F0 33 CC F0 C3 3C CC 00 F0 33 CC F0 33 0F 00 00 F0 0F CC C3 0F 3C 3C 00 F0 F0 00 C3 00 33 C3 F0 F0 00 CC F0 CC 3C 3C 00 33 00 00 F0 CC 0F CC 33 3C 33 C3 CC CC 0F C3 00 3C 00 00 CC CC 0F CC F0 3C 0F C3 C3 0F 
?[1;31m
Start test 8?[0m
Write a mode: > send
?[1;31m
Start test 9?[0m
Write a mode: > decode
?[1;31m
Start test 10?[0m
Write a mode: > encode
send.txt:
text view: 5548172 6548 225147 23656595 5155
hex view: 35 35 34 38 31 37 32 20 36 35 34 38 20 32 32 35 31 34 37 20 32 33 36 35 36 35 39 35 20 35 31 35 35 
bin view: 00110101 00110101 00110100 00111000 00110001 00110111 00110010 00100000 00110110 00110101 00110100 00111000 00100000 00110010 00110010 00110101 00110001 00110100 00110111 00100000 00110010 00110011 00110110 00110101 00110110 00110101 00111001 00110101 00100000 00110101 00110001 00110101 00110101 

encoded.txt
expand: 000011.. 110011.. 001100.. 001111.. 001100.. 110000.. 111100.. 110000.. 000011.. 111100.. 000000.. 001111.. 000000.. 110000.. 111100.. 111111.. 000011.. 110000.. 110000.. 001100.. 000000.. 000000.. 111100.. 111100.. 000011.. 110011.. 001100.. 001111.. 001100.. 000000.. 111111.. 000000.. 000011.. 000000.. 000000.. 001111.. 000011.. 000000.. 111100.. 001100.. 000011.. 110011.. 001100.. 001111.. 000000.. 110000.. 111100.. 110000.. 000011.. 110011.. 111100.. 001100.. 000000.. 000000.. 111100.. 001100.. 000011.. 110000.. 111100.. 001111.. 001111.. 000000.. 111100.. 110011.. 000011.. 110011.. 110000.. 001111.. 001100.. 110000.. 111111.. 000011.. 000011.. 110011.. 001100.. 001100.. 000000.. 000000.. 111100.. 110011.. 000011.. 110000.. 001100.. 001111.. 001100.. 110000.. 111100.. 110011.. 
parity: 00001111 11001100 00110011 00111100 00110011 11000011 11110000 11000011 00001111 11110000 00000000 00111100 00000000 11000011 11110000 11111111 00001111 11000011 11000011 00110011 00000000 00000000 11110000 11110000 00001111 11001100 00110011 00111100 00110011 00000000 11111111 00000000 00001111 00000000 00000000 00111100 00001111 00000000 11110000 00110011 00001111 11001100 00110011 00111100 00000000 11000011 11110000 11000011 00001111 11001100 11110000 00110011 00000000 00000000 11110000 00110011 00001111 11000011 11110000 00111100 00111100 00000000 11110000 11001100 00001111 11001100 11000011 00111100 00110011 11000011 11111111 00001111 00001111 11001100 00110011 00110011 00000000 00000000 11110000 11001100 00001111 11000011 00110011 00111100 00110011 11000011 11110000 11001100 
hex view: 0F CC 33 3C 33 C3 F0 C3 0F F0 00 3C 00 C3 F0 FF 0F C3 C3 33 00 00 F0 F0 0F CC 33 3C 33 00 FF 00 0F 00 00 3C 0F 00 F0 33 0F CC 33 3C 00 C3 F0 C3 0F CC F0 33 00 00 F0 33 0F C3 F0 3C 3C 00 F0 CC 0F CC C3 3C 33 C3 FF 0F 0F CC 33 33 00 00 F0 CC 0F C3 33 3C 33 C3 F0 CC 
?[1;31m
Start test 11?[0m
Write a mode: > send
?[1;31m
Start test 12?[0m
Write a mode: > decode
]]></system-out>
  <system-err><![CDATA[]]></system-err>
</testsuite>
